Using pre-set license
Built from '2020.3/release' branch; Version is '2020.3.2f1 (8fd9074bf66c) revision 9427207'; Using compiler version '192528614'; Build Type 'Release'
OS: 'Windows 10 Home Single Language; OS build 19043.1052; Version 2009; 64bit' Language: 'en' Physical Memory: 8000 MB
BatchMode: 1, IsHumanControllingUs: 0, StartBugReporterOnCrash: 0, Is64bit: 1, IsPro: 0

 COMMAND LINE ARGUMENTS:
D:\unity\2020.3.2f1\Editor\Unity.exe
-adb2
-batchMode
-noUpm
-name
AssetImportWorker0
-projectPath
D:/karthi
-logFile
Logs/AssetImportWorker0.log
-srvPort
59438
Successfully changed project path to: D:/karthi
D:/karthi
Using Asset Import Pipeline V2.
Refreshing native plugins compatible for Editor in 88.49 ms, found 0 plugins.
Preloading 0 native plugins for Editor in 0.00 ms.
Initialize engine version: 2020.3.2f1 (8fd9074bf66c)
[Subsystems] Discovering subsystems at path D:/unity/2020.3.2f1/Editor/Data/Resources/UnitySubsystems
[Subsystems] Discovering subsystems at path D:/karthi/Assets
GfxDevice: creating device client; threaded=0
Direct3D:
    Version:  Direct3D 11.0 [level 11.1]
    Renderer: NVIDIA GeForce GTX 1050 (ID=0x1c8d)
    Vendor:   
    VRAM:     4019 MB
    Driver:   27.21.14.6663
Initialize mono
Mono path[0] = 'D:/unity/2020.3.2f1/Editor/Data/Managed'
Mono path[1] = 'D:/unity/2020.3.2f1/Editor/Data/MonoBleedingEdge/lib/mono/unityjit'
Mono config path = 'D:/unity/2020.3.2f1/Editor/Data/MonoBleedingEdge/etc'
Using monoOptions --debugger-agent=transport=dt_socket,embedding=1,server=y,suspend=n,address=127.0.0.1:56204
Begin MonoManager ReloadAssembly
Registering precompiled unity dll's ...
Register platform support module: D:/unity/2020.3.2f1/Editor/Data/PlaybackEngines/WebGLSupport/UnityEditor.WebGL.Extensions.dll
Register platform support module: D:/unity/2020.3.2f1/Editor/Data/PlaybackEngines/WindowsStandaloneSupport/UnityEditor.WindowsStandalone.Extensions.dll
Registered in 0.005037 seconds.
Native extension for WindowsStandalone target not found
Native extension for WebGL target not found
Refreshing native plugins compatible for Editor in 119.06 ms, found 0 plugins.
Preloading 0 native plugins for Editor in 0.00 ms.
Invoked RoslynAnalysisRunner static constructor.
RoslynAnalysisRunner will not be running.
RoslynAnalysisRunner has terminated.
Mono: successfully reloaded assembly
- Completed reload, in  4.389 seconds
Platform modules already initialized, skipping
Registering precompiled user dll's ...
Registered in 0.002159 seconds.
Begin MonoManager ReloadAssembly
Native extension for WindowsStandalone target not found
Native extension for WebGL target not found
Refreshing native plugins compatible for Editor in 155.78 ms, found 0 plugins.
Preloading 0 native plugins for Editor in 0.03 ms.
Invoked RoslynAnalysisRunner static constructor.
RoslynAnalysisRunner will not be running.
RoslynAnalysisRunner has terminated.
Mono: successfully reloaded assembly
- Completed reload, in  4.547 seconds
Platform modules already initialized, skipping
========================================================================
Worker process is ready to serve import requests
Launched and connected shader compiler UnityShaderCompiler.exe after 0.58 seconds
Refreshing native plugins compatible for Editor in 0.74 ms, found 0 plugins.
Preloading 0 native plugins for Editor in 0.00 ms.
Unloading 1235 Unused Serialized files (Serialized files now loaded: 0)
System memory in use before: 91.0 MB.
System memory in use after: 91.0 MB.

Unloading 10 unused Assets to reduce memory usage. Loaded Objects now: 1696.
Total: 10.224100 ms (FindLiveObjects: 0.695500 ms CreateObjectMapping: 0.111000 ms MarkObjects: 9.222000 ms  DeleteObjects: 0.192400 ms)

========================================================================
Received Import Request.
  path: Assets/forest.prefab
  artifactKey: Guid(eb4b5ecde00f58f42bf45b3e6a8046ba) Importer(815301076,1909f56bfc062723c751e8b465ee728b)
Start importing Assets/forest.prefab using Guid(eb4b5ecde00f58f42bf45b3e6a8046ba) Importer(815301076,1909f56bfc062723c751e8b465ee728b)  -> (artifact id: '790bcf5f48d8349eb2a5469bf5e40437') in 0.615910 seconds
  Import took 0.657073 seconds .

========================================================================
Received Import Request.
  Time since last request: 0.000821 seconds.
  path: Assets/Assets.index
  artifactKey: Guid(4f3c1af5c7787ce46b92a4e35064041d) Importer(815301076,1909f56bfc062723c751e8b465ee728b)
Start importing Assets/Assets.index using Guid(4f3c1af5c7787ce46b92a4e35064041d) Importer(815301076,1909f56bfc062723c751e8b465ee728b)  -> (artifact id: '499480e09804d2c6c405292430faf3e8') in 0.168654 seconds
  Import took 0.197306 seconds .

========================================================================
Received Import Request.
  Time since last request: 564.654522 seconds.
  path: Assets
  artifactKey: Guid(00000000000000001000000000000000) Importer(815301076,1909f56bfc062723c751e8b465ee728b)
Start importing Assets using Guid(00000000000000001000000000000000) Importer(815301076,1909f56bfc062723c751e8b465ee728b)  -> (artifact id: '819a33a9bd799f71faca6db75e8a216c') in 0.004750 seconds
  Import took 0.059899 seconds .

========================================================================
Received Prepare
Registering precompiled user dll's ...
Registered in 0.002270 seconds.
Begin MonoManager ReloadAssembly
Native extension for WindowsStandalone target not found
Native extension for WebGL target not found
Refreshing native plugins compatible for Editor in 0.63 ms, found 0 plugins.
Preloading 0 native plugins for Editor in 0.00 ms.
Invoked RoslynAnalysisRunner static constructor.
RoslynAnalysisRunner will not be running.
RoslynAnalysisRunner has terminated.
Mono: successfully reloaded assembly
- Completed reload, in  3.177 seconds
Platform modules already initialized, skipping
Refreshing native plugins compatible for Editor in 0.45 ms, found 0 plugins.
Preloading 0 native plugins for Editor in 0.00 ms.
Unloading 1224 Unused Serialized files (Serialized files now loaded: 0)
System memory in use before: 93.4 MB.
System memory in use after: 93.5 MB.

Unloading 6 unused Assets to reduce memory usage. Loaded Objects now: 1708.
Total: 5.970100 ms (FindLiveObjects: 0.342900 ms CreateObjectMapping: 0.203600 ms MarkObjects: 5.191100 ms  DeleteObjects: 0.228300 ms)

========================================================================
Received Import Request.
  Time since last request: 43.627777 seconds.
  path: Assets/NewBehaviourScript.cs
  artifactKey: Guid(93654182c6dd95f4b9fb0f96b00224bf) Importer(815301076,1909f56bfc062723c751e8b465ee728b)
Start importing Assets/NewBehaviourScript.cs using Guid(93654182c6dd95f4b9fb0f96b00224bf) Importer(815301076,1909f56bfc062723c751e8b465ee728b)  -> (artifact id: '09163b7ef6754166d6f9df613e35e9f2') in 0.055153 seconds
  Import took 0.087180 seconds .

========================================================================
Received Prepare
Registering precompiled user dll's ...
Registered in 0.000594 seconds.
Begin MonoManager ReloadAssembly
Native extension for WindowsStandalone target not found
Native extension for WebGL target not found
Refreshing native plugins compatible for Editor in 0.59 ms, found 0 plugins.
Preloading 0 native plugins for Editor in 0.00 ms.
Invoked RoslynAnalysisRunner static constructor.
RoslynAnalysisRunner will not be running.
RoslynAnalysisRunner has terminated.
Mono: successfully reloaded assembly
- Completed reload, in  2.439 seconds
Platform modules already initialized, skipping
Refreshing native plugins compatible for Editor in 0.83 ms, found 0 plugins.
Preloading 0 native plugins for Editor in 0.00 ms.
Unloading 1223 Unused Serialized files (Serialized files now loaded: 0)
System memory in use before: 93.4 MB.
System memory in use after: 93.5 MB.

Unloading 6 unused Assets to reduce memory usage. Loaded Objects now: 1710.
Total: 8.128800 ms (FindLiveObjects: 0.378800 ms CreateObjectMapping: 0.119400 ms MarkObjects: 7.397900 ms  DeleteObjects: 0.229200 ms)

========================================================================
Received Import Request.
  Time since last request: 73.832327 seconds.
  path: Assets/PrintTo.cs
  artifactKey: Guid(cf10b6f5a8782bc4eb9b1ee0a9b22203) Importer(815301076,1909f56bfc062723c751e8b465ee728b)
Start importing Assets/PrintTo.cs using Guid(cf10b6f5a8782bc4eb9b1ee0a9b22203) Importer(815301076,1909f56bfc062723c751e8b465ee728b)  -> (artifact id: 'd8aea25a2aa58238d4c94bc279f756ba') in 0.015234 seconds
  Import took 0.094810 seconds .

========================================================================
Received Import Request.
  Time since last request: 0.017842 seconds.
  path: Assets/PrintTo.cs
  artifactKey: Guid(cf10b6f5a8782bc4eb9b1ee0a9b22203) Importer(815301076,1909f56bfc062723c751e8b465ee728b)
Start importing Assets/PrintTo.cs using Guid(cf10b6f5a8782bc4eb9b1ee0a9b22203) Importer(815301076,1909f56bfc062723c751e8b465ee728b)  -> (artifact id: 'd8aea25a2aa58238d4c94bc279f756ba') in 0.002459 seconds
  Import took 0.005965 seconds .

========================================================================
Received Import Request.
  Time since last request: 1.050839 seconds.
  path: Assets/Assets.index
  artifactKey: Guid(4f3c1af5c7787ce46b92a4e35064041d) Importer(815301076,1909f56bfc062723c751e8b465ee728b)
Start importing Assets/Assets.index using Guid(4f3c1af5c7787ce46b92a4e35064041d) Importer(815301076,1909f56bfc062723c751e8b465ee728b)  -> (artifact id: 'ad8d6749d32e857bbda9fc3d24b0aebb') in 0.185784 seconds
  Import took 0.215015 seconds .

========================================================================
Received Prepare
Registering precompiled user dll's ...
Registered in 0.000918 seconds.
Begin MonoManager ReloadAssembly
Native extension for WindowsStandalone target not found
Native extension for WebGL target not found
Refreshing native plugins compatible for Editor in 0.46 ms, found 0 plugins.
Preloading 0 native plugins for Editor in 0.00 ms.
Invoked RoslynAnalysisRunner static constructor.
RoslynAnalysisRunner will not be running.
RoslynAnalysisRunner has terminated.
Mono: successfully reloaded assembly
- Completed reload, in  2.120 seconds
Platform modules already initialized, skipping
Refreshing native plugins compatible for Editor in 0.51 ms, found 0 plugins.
Preloading 0 native plugins for Editor in 0.00 ms.
Unloading 1224 Unused Serialized files (Serialized files now loaded: 0)
System memory in use before: 93.4 MB.
System memory in use after: 93.5 MB.

Unloading 5 unused Assets to reduce memory usage. Loaded Objects now: 1714.
Total: 4.603200 ms (FindLiveObjects: 0.329100 ms CreateObjectMapping: 0.111300 ms MarkObjects: 3.967200 ms  DeleteObjects: 0.192900 ms)

========================================================================
Received Prepare
Registering precompiled user dll's ...
Registered in 0.000629 seconds.
Begin MonoManager ReloadAssembly
Native extension for WindowsStandalone target not found
Native extension for WebGL target not found
Refreshing native plugins compatible for Editor in 0.71 ms, found 0 plugins.
Preloading 0 native plugins for Editor in 0.00 ms.
Invoked RoslynAnalysisRunner static constructor.
RoslynAnalysisRunner will not be running.
RoslynAnalysisRunner has terminated.
Mono: successfully reloaded assembly
- Completed reload, in  2.257 seconds
Platform modules already initialized, skipping
Refreshing native plugins compatible for Editor in 0.92 ms, found 0 plugins.
Preloading 0 native plugins for Editor in 0.00 ms.
Unloading 1224 Unused Serialized files (Serialized files now loaded: 0)
System memory in use before: 93.4 MB.
System memory in use after: 93.5 MB.

Unloading 5 unused Assets to reduce memory usage. Loaded Objects now: 1717.
Total: 5.281400 ms (FindLiveObjects: 0.605900 ms CreateObjectMapping: 0.267400 ms MarkObjects: 4.184000 ms  DeleteObjects: 0.220300 ms)

========================================================================
Received Prepare
Registering precompiled user dll's ...
Registered in 0.001242 seconds.
Begin MonoManager ReloadAssembly
Native extension for WindowsStandalone target not found
Native extension for WebGL target not found
Refreshing native plugins compatible for Editor in 0.57 ms, found 0 plugins.
Preloading 0 native plugins for Editor in 0.00 ms.
Invoked RoslynAnalysisRunner static constructor.
RoslynAnalysisRunner will not be running.
RoslynAnalysisRunner has terminated.
Mono: successfully reloaded assembly
- Completed reload, in  2.410 seconds
Platform modules already initialized, skipping
Refreshing native plugins compatible for Editor in 0.54 ms, found 0 plugins.
Preloading 0 native plugins for Editor in 0.00 ms.
Unloading 1224 Unused Serialized files (Serialized files now loaded: 0)
System memory in use before: 93.4 MB.
System memory in use after: 93.5 MB.

Unloading 5 unused Assets to reduce memory usage. Loaded Objects now: 1720.
Total: 6.096100 ms (FindLiveObjects: 0.368400 ms CreateObjectMapping: 0.129100 ms MarkObjects: 5.255600 ms  DeleteObjects: 0.338300 ms)

========================================================================
Received Prepare
Registering precompiled user dll's ...
Registered in 0.000888 seconds.
Begin MonoManager ReloadAssembly
Native extension for WindowsStandalone target not found
Native extension for WebGL target not found
Refreshing native plugins compatible for Editor in 0.49 ms, found 0 plugins.
Preloading 0 native plugins for Editor in 0.00 ms.
Invoked RoslynAnalysisRunner static constructor.
RoslynAnalysisRunner will not be running.
RoslynAnalysisRunner has terminated.
Mono: successfully reloaded assembly
- Completed reload, in  2.628 seconds
Platform modules already initialized, skipping
Refreshing native plugins compatible for Editor in 0.82 ms, found 0 plugins.
Preloading 0 native plugins for Editor in 0.00 ms.
Unloading 1224 Unused Serialized files (Serialized files now loaded: 0)
System memory in use before: 93.5 MB.
System memory in use after: 93.5 MB.

Unloading 5 unused Assets to reduce memory usage. Loaded Objects now: 1723.
Total: 8.277500 ms (FindLiveObjects: 0.709500 ms CreateObjectMapping: 0.234700 ms MarkObjects: 7.087800 ms  DeleteObjects: 0.241600 ms)

========================================================================
Received Import Request.
  Time since last request: 599.340095 seconds.
  path: Assets/bench.prefab
  artifactKey: Guid(81b0cea87dba9ca41b78721acf6cc91e) Importer(815301076,1909f56bfc062723c751e8b465ee728b)
Start importing Assets/bench.prefab using Guid(81b0cea87dba9ca41b78721acf6cc91e) Importer(815301076,1909f56bfc062723c751e8b465ee728b)  -> (artifact id: 'bb35bd5d127efb2fb8d4d043795fce60') in 0.215786 seconds
  Import took 0.252338 seconds .

========================================================================
Received Import Request.
  Time since last request: 0.046932 seconds.
  path: Assets/bench.prefab
  artifactKey: Guid(81b0cea87dba9ca41b78721acf6cc91e) Importer(815301076,1909f56bfc062723c751e8b465ee728b)
Start importing Assets/bench.prefab using Guid(81b0cea87dba9ca41b78721acf6cc91e) Importer(815301076,1909f56bfc062723c751e8b465ee728b)  -> (artifact id: 'bb35bd5d127efb2fb8d4d043795fce60') in 0.018987 seconds
  Import took 0.024157 seconds .

========================================================================
Received Import Request.
  Time since last request: 0.996154 seconds.
  path: Assets/Assets.index
  artifactKey: Guid(4f3c1af5c7787ce46b92a4e35064041d) Importer(815301076,1909f56bfc062723c751e8b465ee728b)
Start importing Assets/Assets.index using Guid(4f3c1af5c7787ce46b92a4e35064041d) Importer(815301076,1909f56bfc062723c751e8b465ee728b)  -> (artifact id: '0771ac597269c252813a22e6f7a462e4') in 0.159800 seconds
  Import took 0.215337 seconds .

========================================================================
Received Import Request.
  Time since last request: 47.312269 seconds.
  path: Assets/PrintTo.cs
  artifactKey: Guid(cf10b6f5a8782bc4eb9b1ee0a9b22203) Importer(815301076,1909f56bfc062723c751e8b465ee728b)
Start importing Assets/PrintTo.cs using Guid(cf10b6f5a8782bc4eb9b1ee0a9b22203) Importer(815301076,1909f56bfc062723c751e8b465ee728b)  -> (artifact id: '75868d84def26c5c59ac64a37913731d') in 0.006005 seconds
  Import took 0.042514 seconds .

========================================================================
Received Prepare
Registering precompiled user dll's ...
Registered in 0.001823 seconds.
Begin MonoManager ReloadAssembly
Native extension for WindowsStandalone target not found
Native extension for WebGL target not found
Refreshing native plugins compatible for Editor in 0.72 ms, found 0 plugins.
Preloading 0 native plugins for Editor in 0.00 ms.
Invoked RoslynAnalysisRunner static constructor.
RoslynAnalysisRunner will not be running.
RoslynAnalysisRunner has terminated.
Mono: successfully reloaded assembly
- Completed reload, in  2.602 seconds
Platform modules already initialized, skipping
Refreshing native plugins compatible for Editor in 0.45 ms, found 0 plugins.
Preloading 0 native plugins for Editor in 0.00 ms.
Unloading 1224 Unused Serialized files (Serialized files now loaded: 0)
System memory in use before: 93.5 MB.
System memory in use after: 93.5 MB.

Unloading 6 unused Assets to reduce memory usage. Loaded Objects now: 1727.
Total: 4.129200 ms (FindLiveObjects: 0.270500 ms CreateObjectMapping: 0.097700 ms MarkObjects: 3.494000 ms  DeleteObjects: 0.263600 ms)

========================================================================
Received Prepare
Registering precompiled user dll's ...
Registered in 0.001209 seconds.
Begin MonoManager ReloadAssembly
Native extension for WindowsStandalone target not found
Native extension for WebGL target not found
Refreshing native plugins compatible for Editor in 0.58 ms, found 0 plugins.
Preloading 0 native plugins for Editor in 0.00 ms.
Invoked RoslynAnalysisRunner static constructor.
RoslynAnalysisRunner will not be running.
RoslynAnalysisRunner has terminated.
Mono: successfully reloaded assembly
- Completed reload, in  2.356 seconds
Platform modules already initialized, skipping
Refreshing native plugins compatible for Editor in 0.56 ms, found 0 plugins.
Preloading 0 native plugins for Editor in 0.00 ms.
Unloading 1224 Unused Serialized files (Serialized files now loaded: 0)
System memory in use before: 93.5 MB.
System memory in use after: 93.5 MB.

Unloading 5 unused Assets to reduce memory usage. Loaded Objects now: 1730.
Total: 3.010500 ms (FindLiveObjects: 0.323800 ms CreateObjectMapping: 0.131600 ms MarkObjects: 2.279900 ms  DeleteObjects: 0.273200 ms)

AssetImportWorkerClient::OnTransportError - code=2 error=End of file
